2023-05-19T07:56:03.854Z
cwd: /Users/tommannix-rough/Documents/GitHub/ltfri-prototype
package: govuk-prototype-kit@13.0.1
argv: /usr/local/bin/node /Users/tommannix-rough/.npm/_npx/ab0cb2c39bc0319f/node_modules/.bin/govuk-prototype-kit migrate
Started [Check migration is being applied to a pre v13 prototype]
Succeeded [Check migration is being applied to a pre v13 prototype]
2023-05-19T07:56:16.188Z
cwd: ~/Documents/GitHub/ltfri-prototype
package: govuk-prototype-kit@13.7.0
argv: /usr/local/bin/node ~/Documents/GitHub/ltfri-prototype/node_modules/.bin/govuk-prototype-kit migrate -- ~/Documents/GitHub/ltfri-prototype
Started [Migrate config.js to config.json]
Started [Update application SCSS file]
Started [Deleted files that are no longer needed]
Started [Deleted directories that are no longer needed]
Started [Delete server.js]
Started [Delete start.js]
Started [Delete gulpfile.js]
Started [Delete listen-on-port.js]
Started [Delete Procfile]
Started [Delete VERSION.txt]
Started [Delete app/assets/sass/application-ie8.scss]
Started [Remove unused directory docs]
Started [Remove unused directory gulp]
Started [Remove unused directory lib]
Started [Remove unused directory public]
Succeeded [Migrate config.js to config.json]
Succeeded [Delete server.js]
Succeeded [Delete start.js]
Succeeded [Delete Procfile]
Succeeded [Delete gulpfile.js]
Succeeded [Delete app/assets/sass/application-ie8.scss]
Succeeded [Delete VERSION.txt]
Succeeded [Delete listen-on-port.js]
Succeeded [Deleted files that are no longer needed]
Found [// Add your routes here - above the module.exports line] in [app/routes.js], replacing
Started [Overwrite app/views/layout.html]
Started [Overwrite app/filters.js]
Started [Overwrite app/assets/javascripts/application.js]
Keeping these lines from old file
Copying from [node_modules/govuk-prototype-kit/prototype-starter/app/views/layouts/main.html] to [app/views/layout.html]
Found [// Add extra styles here, or re-organise the Sass files in whichever way makes most sense to you] in [app/assets/sass/application.scss], replacing
Copying from [node_modules/govuk-prototype-kit/prototype-starter/app/filters.js] to [app/filters.js]
Copying from [node_modules/govuk-prototype-kit/prototype-starter/app/assets/javascripts/application.js] to [app/assets/javascripts/application.js]
Started [Delete app/assets/images/separator-2x.png]
Started [Delete app/assets/images/unbranded.ico]
Started [Delete app/assets/images/separator.png]
Started [Delete app/assets/javascripts/auto-store-data.js]
Started [Delete app/views/includes/cookie-banner.html]
Started [Delete app/views/includes/scripts.html]
Started [Delete app/views/includes/head.html]
Started [Delete app/views/layout_unbranded.html]
Started [Delete app/views/includes/breadcrumb_examples.html]
Started [Delete app/assets/sass/unbranded.scss]
Started [Delete app/assets/sass/patterns/_contents-list.scss]
Started [Delete app/assets/sass/patterns/_mainstream-guide.scss]
Started [Delete app/assets/sass/patterns/_pagination.scss]
Started [Delete app/assets/sass/patterns/_step-by-step-header.scss]
Started [Delete app/assets/sass/patterns/_step-by-step-nav.scss]
Started [Delete app/assets/sass/patterns/_step-by-step-related.scss]
Started [Delete app/assets/sass/patterns/_related-items.scss]
Started [Delete app/assets/javascripts/jquery-1.11.3.js]
Started [Delete app/assets/sass/patterns/_task-list.scss]
Keeping these lines from old file
Succeeded [Remove unused directory gulp]
Succeeded [Delete app/assets/javascripts/auto-store-data.js]
Succeeded [Delete app/assets/images/separator-2x.png]
Succeeded [Delete app/assets/images/unbranded.ico]
Succeeded [Delete app/views/includes/cookie-banner.html]
Succeeded [Delete app/assets/images/separator.png]
Succeeded [Delete app/views/includes/scripts.html]
Succeeded [Delete app/views/layout_unbranded.html]
Succeeded [Delete app/views/includes/breadcrumb_examples.html]
Succeeded [Delete app/assets/sass/unbranded.scss]
Succeeded [Delete app/views/includes/head.html]
Succeeded [Delete app/assets/sass/patterns/_contents-list.scss]
Succeeded [Delete app/assets/sass/patterns/_mainstream-guide.scss]
Succeeded [Delete app/assets/javascripts/jquery-1.11.3.js]
Succeeded [Delete app/assets/sass/patterns/_step-by-step-nav.scss]
Succeeded [Delete app/assets/sass/patterns/_pagination.scss]
Succeeded [Delete app/assets/sass/patterns/_step-by-step-header.scss]
Succeeded [Delete app/assets/sass/patterns/_related-items.scss]
Succeeded [Delete app/assets/sass/patterns/_task-list.scss]
Succeeded [Delete app/assets/sass/patterns/_step-by-step-related.scss]
Succeeded [Update application SCSS file]
//,// For guidance on how to create routes see:,// https://prototype-kit.service.gov.uk/docs/create-routes,//,,const govukPrototypeKit = require('govuk-prototype-kit'),const router = govukPrototypeKit.requests.setupRouter(),,// Add your routes here,,,// GET SPRINT NAME - useful for relative templates,router.use('/', (req, res, next) => {,  res.locals.currentURL = req.originalUrl; //current screen,  res.locals.prevURL = req.get('Referrer'); // previous screen,console.log('previous page is: ' + res.locals.prevURL + " and current page is " + req.url + " " + res.locals.currentURL );,  next();,});,,module.exports = router,
Found [module.exports = router;,module.exports = router] in [app/routes.js], removing
Succeeded [Remove unused directory lib]
Succeeded [Remove unused directory public]
Succeeded [Update routes file]
Succeeded [Remove unused directory docs]
Succeeded [Overwrite app/assets/javascripts/application.js]
Succeeded [Overwrite app/views/layout.html]
Succeeded [Deleted directories that are no longer needed]
Succeeded [Overwrite app/filters.js]
Started [Remove old pattern includes from application SCSS file]
Succeeded [Remove old pattern includes from application SCSS file]
Started [Remove empty directory app/assets/images]
Started [Remove empty directory app/assets/sass/patterns]
Started [Remove empty directory app/views/includes]
Skipped deleting app/assets/sass/patterns
Skipped deleting app/assets/images
Succeeded [Remove empty directory app/views/includes]
